Arguments: 
  /usr/local/bin/node /usr/local/bin/yarn add typescript -D

PATH: 
  /usr/local/bin:/usr/bin:/bin:/usr/sbin:/sbin:/opt/local/bin:/opt/local/sbin

Yarn version: 
  1.22.4

Node version: 
  12.14.1

Platform: 
  darwin x64

Trace: 
  Error: Client network socket disconnected before secure TLS connection was established
      at connResetException (internal/errors.js:570:14)
      at TLSSocket.onConnectEnd (_tls_wrap.js:1361:19)
      at Object.onceWrapper (events.js:312:28)
      at TLSSocket.emit (events.js:228:7)
      at endReadableNT (_stream_readable.js:1185:12)
      at processTicksAndRejections (internal/process/task_queues.js:81:21)

npm manifest: 
  {
    "name": "evalyq_blog",
    "version": "1.0.0",
    "description": "A boilerplate for react + typescript development",
    "private": true,
    "repository": {
      "type":"git",
      "url":"https://github.com/Evalyq/Evalyq_Blog.git"
    },
    "author": {
      "name": "liuyaqian",
      "url": "https://github.com/Evalyq",
      "email": "965661503@qq.com"
    },
    "license": "MIT",
    "scripts": {}
  }

yarn manifest: 
  No manifest

Lockfile: 
  No lockfile
